[2025-05-02T13:35:30.906+0000] {processor.py:161} INFO - Started process (PID=2277) to work on /opt/airflow/dags/data_processing.py
[2025-05-02T13:35:30.909+0000] {processor.py:830} INFO - Processing file /opt/airflow/dags/data_processing.py for tasks to queue
[2025-05-02T13:35:30.912+0000] {logging_mixin.py:188} INFO - [2025-05-02T13:35:30.912+0000] {dagbag.py:538} INFO - Filling up the DagBag from /opt/airflow/dags/data_processing.py
[2025-05-02T13:35:30.969+0000] {logging_mixin.py:188} INFO - [2025-05-02T13:35:30.969+0000] {data_processing.py:535} INFO - Setting up task dependencies for the DAG
[2025-05-02T13:35:30.975+0000] {logging_mixin.py:188} INFO - [2025-05-02T13:35:30.975+0000] {data_processing.py:540} INFO - Task dependencies set up successfully
[2025-05-02T13:35:30.979+0000] {processor.py:840} INFO - DAG(s) 'process_etl_bike_sharing_data' retrieved from /opt/airflow/dags/data_processing.py
[2025-05-02T13:35:31.205+0000] {logging_mixin.py:188} INFO - [2025-05-02T13:35:31.204+0000] {dag.py:3036} INFO - Sync 1 DAGs
[2025-05-02T13:35:31.235+0000] {logging_mixin.py:188} INFO - [2025-05-02T13:35:31.235+0000] {dag.py:3823} INFO - Setting next_dagrun for process_etl_bike_sharing_data to 2025-05-01 00:00:00+00:00, run_after=2025-05-02 00:00:00+00:00
[2025-05-02T13:35:31.312+0000] {processor.py:183} INFO - Processing /opt/airflow/dags/data_processing.py took 0.420 seconds
[2025-05-02T13:36:01.825+0000] {processor.py:161} INFO - Started process (PID=2315) to work on /opt/airflow/dags/data_processing.py
[2025-05-02T13:36:01.826+0000] {processor.py:830} INFO - Processing file /opt/airflow/dags/data_processing.py for tasks to queue
[2025-05-02T13:36:01.828+0000] {logging_mixin.py:188} INFO - [2025-05-02T13:36:01.827+0000] {dagbag.py:538} INFO - Filling up the DagBag from /opt/airflow/dags/data_processing.py
[2025-05-02T13:36:01.868+0000] {logging_mixin.py:188} INFO - [2025-05-02T13:36:01.868+0000] {data_processing.py:535} INFO - Setting up task dependencies for the DAG
[2025-05-02T13:36:01.875+0000] {logging_mixin.py:188} INFO - [2025-05-02T13:36:01.874+0000] {data_processing.py:540} INFO - Task dependencies set up successfully
[2025-05-02T13:36:01.879+0000] {processor.py:840} INFO - DAG(s) 'process_etl_bike_sharing_data' retrieved from /opt/airflow/dags/data_processing.py
[2025-05-02T13:36:01.917+0000] {logging_mixin.py:188} INFO - [2025-05-02T13:36:01.917+0000] {dag.py:3036} INFO - Sync 1 DAGs
[2025-05-02T13:36:01.957+0000] {logging_mixin.py:188} INFO - [2025-05-02T13:36:01.957+0000] {dag.py:3823} INFO - Setting next_dagrun for process_etl_bike_sharing_data to 2025-05-01 00:00:00+00:00, run_after=2025-05-02 00:00:00+00:00
[2025-05-02T13:36:01.992+0000] {processor.py:183} INFO - Processing /opt/airflow/dags/data_processing.py took 0.171 seconds
[2025-05-02T13:36:32.652+0000] {processor.py:161} INFO - Started process (PID=2330) to work on /opt/airflow/dags/data_processing.py
[2025-05-02T13:36:32.654+0000] {processor.py:830} INFO - Processing file /opt/airflow/dags/data_processing.py for tasks to queue
[2025-05-02T13:36:32.657+0000] {logging_mixin.py:188} INFO - [2025-05-02T13:36:32.656+0000] {dagbag.py:538} INFO - Filling up the DagBag from /opt/airflow/dags/data_processing.py
[2025-05-02T13:36:32.732+0000] {logging_mixin.py:188} INFO - [2025-05-02T13:36:32.731+0000] {data_processing.py:535} INFO - Setting up task dependencies for the DAG
[2025-05-02T13:36:32.738+0000] {logging_mixin.py:188} INFO - [2025-05-02T13:36:32.738+0000] {data_processing.py:540} INFO - Task dependencies set up successfully
[2025-05-02T13:36:32.745+0000] {processor.py:840} INFO - DAG(s) 'process_etl_bike_sharing_data' retrieved from /opt/airflow/dags/data_processing.py
[2025-05-02T13:36:32.769+0000] {logging_mixin.py:188} INFO - [2025-05-02T13:36:32.769+0000] {dag.py:3036} INFO - Sync 1 DAGs
[2025-05-02T13:36:32.804+0000] {logging_mixin.py:188} INFO - [2025-05-02T13:36:32.803+0000] {dag.py:3823} INFO - Setting next_dagrun for process_etl_bike_sharing_data to 2025-05-01 00:00:00+00:00, run_after=2025-05-02 00:00:00+00:00
[2025-05-02T13:36:32.833+0000] {processor.py:183} INFO - Processing /opt/airflow/dags/data_processing.py took 0.187 seconds
[2025-05-02T13:37:03.600+0000] {processor.py:161} INFO - Started process (PID=2353) to work on /opt/airflow/dags/data_processing.py
[2025-05-02T13:37:03.602+0000] {processor.py:830} INFO - Processing file /opt/airflow/dags/data_processing.py for tasks to queue
[2025-05-02T13:37:03.607+0000] {logging_mixin.py:188} INFO - [2025-05-02T13:37:03.604+0000] {dagbag.py:538} INFO - Filling up the DagBag from /opt/airflow/dags/data_processing.py
[2025-05-02T13:37:03.650+0000] {logging_mixin.py:188} INFO - [2025-05-02T13:37:03.650+0000] {data_processing.py:535} INFO - Setting up task dependencies for the DAG
[2025-05-02T13:37:03.664+0000] {logging_mixin.py:188} INFO - [2025-05-02T13:37:03.663+0000] {data_processing.py:540} INFO - Task dependencies set up successfully
[2025-05-02T13:37:03.668+0000] {processor.py:840} INFO - DAG(s) 'process_etl_bike_sharing_data' retrieved from /opt/airflow/dags/data_processing.py
[2025-05-02T13:37:03.945+0000] {logging_mixin.py:188} INFO - [2025-05-02T13:37:03.944+0000] {dag.py:3036} INFO - Sync 1 DAGs
[2025-05-02T13:37:03.967+0000] {logging_mixin.py:188} INFO - [2025-05-02T13:37:03.967+0000] {dag.py:3823} INFO - Setting next_dagrun for process_etl_bike_sharing_data to 2025-05-01 00:00:00+00:00, run_after=2025-05-02 00:00:00+00:00
[2025-05-02T13:37:04.011+0000] {processor.py:183} INFO - Processing /opt/airflow/dags/data_processing.py took 0.416 seconds
[2025-05-02T13:37:34.711+0000] {processor.py:161} INFO - Started process (PID=2383) to work on /opt/airflow/dags/data_processing.py
[2025-05-02T13:37:34.713+0000] {processor.py:830} INFO - Processing file /opt/airflow/dags/data_processing.py for tasks to queue
[2025-05-02T13:37:34.716+0000] {logging_mixin.py:188} INFO - [2025-05-02T13:37:34.715+0000] {dagbag.py:538} INFO - Filling up the DagBag from /opt/airflow/dags/data_processing.py
[2025-05-02T13:37:34.780+0000] {logging_mixin.py:188} INFO - [2025-05-02T13:37:34.780+0000] {data_processing.py:535} INFO - Setting up task dependencies for the DAG
[2025-05-02T13:37:34.787+0000] {logging_mixin.py:188} INFO - [2025-05-02T13:37:34.787+0000] {data_processing.py:540} INFO - Task dependencies set up successfully
[2025-05-02T13:37:34.791+0000] {processor.py:840} INFO - DAG(s) 'process_etl_bike_sharing_data' retrieved from /opt/airflow/dags/data_processing.py
[2025-05-02T13:37:34.843+0000] {logging_mixin.py:188} INFO - [2025-05-02T13:37:34.842+0000] {dag.py:3036} INFO - Sync 1 DAGs
[2025-05-02T13:37:34.876+0000] {logging_mixin.py:188} INFO - [2025-05-02T13:37:34.875+0000] {dag.py:3823} INFO - Setting next_dagrun for process_etl_bike_sharing_data to 2025-05-01 00:00:00+00:00, run_after=2025-05-02 00:00:00+00:00
[2025-05-02T13:37:34.901+0000] {processor.py:183} INFO - Processing /opt/airflow/dags/data_processing.py took 0.205 seconds
[2025-05-02T13:38:05.653+0000] {processor.py:161} INFO - Started process (PID=2404) to work on /opt/airflow/dags/data_processing.py
[2025-05-02T13:38:05.657+0000] {processor.py:830} INFO - Processing file /opt/airflow/dags/data_processing.py for tasks to queue
[2025-05-02T13:38:05.665+0000] {logging_mixin.py:188} INFO - [2025-05-02T13:38:05.660+0000] {dagbag.py:538} INFO - Filling up the DagBag from /opt/airflow/dags/data_processing.py
[2025-05-02T13:38:05.709+0000] {logging_mixin.py:188} INFO - [2025-05-02T13:38:05.708+0000] {data_processing.py:535} INFO - Setting up task dependencies for the DAG
[2025-05-02T13:38:05.715+0000] {logging_mixin.py:188} INFO - [2025-05-02T13:38:05.714+0000] {data_processing.py:540} INFO - Task dependencies set up successfully
[2025-05-02T13:38:05.718+0000] {processor.py:840} INFO - DAG(s) 'process_etl_bike_sharing_data' retrieved from /opt/airflow/dags/data_processing.py
[2025-05-02T13:38:05.761+0000] {logging_mixin.py:188} INFO - [2025-05-02T13:38:05.760+0000] {dag.py:3036} INFO - Sync 1 DAGs
[2025-05-02T13:38:05.794+0000] {logging_mixin.py:188} INFO - [2025-05-02T13:38:05.794+0000] {dag.py:3823} INFO - Setting next_dagrun for process_etl_bike_sharing_data to 2025-05-01 00:00:00+00:00, run_after=2025-05-02 00:00:00+00:00
[2025-05-02T13:38:05.822+0000] {processor.py:183} INFO - Processing /opt/airflow/dags/data_processing.py took 0.184 seconds
[2025-05-02T13:38:36.600+0000] {processor.py:161} INFO - Started process (PID=2435) to work on /opt/airflow/dags/data_processing.py
[2025-05-02T13:38:36.602+0000] {processor.py:830} INFO - Processing file /opt/airflow/dags/data_processing.py for tasks to queue
[2025-05-02T13:38:36.611+0000] {logging_mixin.py:188} INFO - [2025-05-02T13:38:36.611+0000] {dagbag.py:538} INFO - Filling up the DagBag from /opt/airflow/dags/data_processing.py
[2025-05-02T13:38:36.646+0000] {logging_mixin.py:188} INFO - [2025-05-02T13:38:36.646+0000] {data_processing.py:535} INFO - Setting up task dependencies for the DAG
[2025-05-02T13:38:36.654+0000] {logging_mixin.py:188} INFO - [2025-05-02T13:38:36.654+0000] {data_processing.py:540} INFO - Task dependencies set up successfully
[2025-05-02T13:38:36.659+0000] {processor.py:840} INFO - DAG(s) 'process_etl_bike_sharing_data' retrieved from /opt/airflow/dags/data_processing.py
[2025-05-02T13:38:36.802+0000] {logging_mixin.py:188} INFO - [2025-05-02T13:38:36.802+0000] {dag.py:3036} INFO - Sync 1 DAGs
[2025-05-02T13:38:36.827+0000] {logging_mixin.py:188} INFO - [2025-05-02T13:38:36.827+0000] {dag.py:3823} INFO - Setting next_dagrun for process_etl_bike_sharing_data to 2025-05-01 00:00:00+00:00, run_after=2025-05-02 00:00:00+00:00
[2025-05-02T13:38:36.860+0000] {processor.py:183} INFO - Processing /opt/airflow/dags/data_processing.py took 0.268 seconds
[2025-05-02T13:39:07.487+0000] {processor.py:161} INFO - Started process (PID=2450) to work on /opt/airflow/dags/data_processing.py
[2025-05-02T13:39:07.488+0000] {processor.py:830} INFO - Processing file /opt/airflow/dags/data_processing.py for tasks to queue
[2025-05-02T13:39:07.489+0000] {logging_mixin.py:188} INFO - [2025-05-02T13:39:07.489+0000] {dagbag.py:538} INFO - Filling up the DagBag from /opt/airflow/dags/data_processing.py
[2025-05-02T13:39:07.524+0000] {logging_mixin.py:188} INFO - [2025-05-02T13:39:07.523+0000] {data_processing.py:535} INFO - Setting up task dependencies for the DAG
[2025-05-02T13:39:07.530+0000] {logging_mixin.py:188} INFO - [2025-05-02T13:39:07.530+0000] {data_processing.py:540} INFO - Task dependencies set up successfully
[2025-05-02T13:39:07.541+0000] {processor.py:840} INFO - DAG(s) 'process_etl_bike_sharing_data' retrieved from /opt/airflow/dags/data_processing.py
[2025-05-02T13:39:07.598+0000] {logging_mixin.py:188} INFO - [2025-05-02T13:39:07.598+0000] {dag.py:3036} INFO - Sync 1 DAGs
[2025-05-02T13:39:07.656+0000] {logging_mixin.py:188} INFO - [2025-05-02T13:39:07.653+0000] {dag.py:3823} INFO - Setting next_dagrun for process_etl_bike_sharing_data to 2025-05-01 00:00:00+00:00, run_after=2025-05-02 00:00:00+00:00
[2025-05-02T13:39:07.691+0000] {processor.py:183} INFO - Processing /opt/airflow/dags/data_processing.py took 0.208 seconds
[2025-05-02T13:39:38.458+0000] {processor.py:161} INFO - Started process (PID=2489) to work on /opt/airflow/dags/data_processing.py
[2025-05-02T13:39:38.460+0000] {processor.py:830} INFO - Processing file /opt/airflow/dags/data_processing.py for tasks to queue
[2025-05-02T13:39:38.465+0000] {logging_mixin.py:188} INFO - [2025-05-02T13:39:38.464+0000] {dagbag.py:538} INFO - Filling up the DagBag from /opt/airflow/dags/data_processing.py
[2025-05-02T13:39:38.503+0000] {logging_mixin.py:188} INFO - [2025-05-02T13:39:38.502+0000] {data_processing.py:535} INFO - Setting up task dependencies for the DAG
[2025-05-02T13:39:38.510+0000] {logging_mixin.py:188} INFO - [2025-05-02T13:39:38.509+0000] {data_processing.py:540} INFO - Task dependencies set up successfully
[2025-05-02T13:39:38.519+0000] {processor.py:840} INFO - DAG(s) 'process_etl_bike_sharing_data' retrieved from /opt/airflow/dags/data_processing.py
[2025-05-02T13:39:38.543+0000] {logging_mixin.py:188} INFO - [2025-05-02T13:39:38.542+0000] {dag.py:3036} INFO - Sync 1 DAGs
[2025-05-02T13:39:38.579+0000] {logging_mixin.py:188} INFO - [2025-05-02T13:39:38.579+0000] {dag.py:3823} INFO - Setting next_dagrun for process_etl_bike_sharing_data to 2025-05-01 00:00:00+00:00, run_after=2025-05-02 00:00:00+00:00
[2025-05-02T13:39:38.613+0000] {processor.py:183} INFO - Processing /opt/airflow/dags/data_processing.py took 0.166 seconds
[2025-05-02T13:40:09.276+0000] {processor.py:161} INFO - Started process (PID=2504) to work on /opt/airflow/dags/data_processing.py
[2025-05-02T13:40:09.277+0000] {processor.py:830} INFO - Processing file /opt/airflow/dags/data_processing.py for tasks to queue
[2025-05-02T13:40:09.279+0000] {logging_mixin.py:188} INFO - [2025-05-02T13:40:09.279+0000] {dagbag.py:538} INFO - Filling up the DagBag from /opt/airflow/dags/data_processing.py
[2025-05-02T13:40:09.310+0000] {logging_mixin.py:188} INFO - [2025-05-02T13:40:09.310+0000] {data_processing.py:535} INFO - Setting up task dependencies for the DAG
[2025-05-02T13:40:09.344+0000] {logging_mixin.py:188} INFO - [2025-05-02T13:40:09.344+0000] {data_processing.py:540} INFO - Task dependencies set up successfully
[2025-05-02T13:40:09.349+0000] {processor.py:840} INFO - DAG(s) 'process_etl_bike_sharing_data' retrieved from /opt/airflow/dags/data_processing.py
[2025-05-02T13:40:09.478+0000] {logging_mixin.py:188} INFO - [2025-05-02T13:40:09.478+0000] {dag.py:3036} INFO - Sync 1 DAGs
[2025-05-02T13:40:09.500+0000] {logging_mixin.py:188} INFO - [2025-05-02T13:40:09.500+0000] {dag.py:3823} INFO - Setting next_dagrun for process_etl_bike_sharing_data to 2025-05-01 00:00:00+00:00, run_after=2025-05-02 00:00:00+00:00
[2025-05-02T13:40:10.073+0000] {processor.py:183} INFO - Processing /opt/airflow/dags/data_processing.py took 0.806 seconds
[2025-05-02T13:40:40.434+0000] {processor.py:161} INFO - Started process (PID=2547) to work on /opt/airflow/dags/data_processing.py
[2025-05-02T13:40:40.437+0000] {processor.py:830} INFO - Processing file /opt/airflow/dags/data_processing.py for tasks to queue
[2025-05-02T13:40:40.442+0000] {logging_mixin.py:188} INFO - [2025-05-02T13:40:40.441+0000] {dagbag.py:538} INFO - Filling up the DagBag from /opt/airflow/dags/data_processing.py
[2025-05-02T13:40:40.480+0000] {logging_mixin.py:188} INFO - [2025-05-02T13:40:40.480+0000] {data_processing.py:535} INFO - Setting up task dependencies for the DAG
[2025-05-02T13:40:40.486+0000] {logging_mixin.py:188} INFO - [2025-05-02T13:40:40.486+0000] {data_processing.py:540} INFO - Task dependencies set up successfully
[2025-05-02T13:40:40.492+0000] {processor.py:840} INFO - DAG(s) 'process_etl_bike_sharing_data' retrieved from /opt/airflow/dags/data_processing.py
[2025-05-02T13:40:40.538+0000] {logging_mixin.py:188} INFO - [2025-05-02T13:40:40.537+0000] {dag.py:3036} INFO - Sync 1 DAGs
[2025-05-02T13:40:40.568+0000] {logging_mixin.py:188} INFO - [2025-05-02T13:40:40.568+0000] {dag.py:3823} INFO - Setting next_dagrun for process_etl_bike_sharing_data to 2025-05-01 00:00:00+00:00, run_after=2025-05-02 00:00:00+00:00
[2025-05-02T13:40:40.595+0000] {processor.py:183} INFO - Processing /opt/airflow/dags/data_processing.py took 0.171 seconds
[2025-05-02T13:41:10.689+0000] {processor.py:161} INFO - Started process (PID=2557) to work on /opt/airflow/dags/data_processing.py
[2025-05-02T13:41:10.691+0000] {processor.py:830} INFO - Processing file /opt/airflow/dags/data_processing.py for tasks to queue
[2025-05-02T13:41:10.694+0000] {logging_mixin.py:188} INFO - [2025-05-02T13:41:10.693+0000] {dagbag.py:538} INFO - Filling up the DagBag from /opt/airflow/dags/data_processing.py
[2025-05-02T13:41:10.739+0000] {logging_mixin.py:188} INFO - [2025-05-02T13:41:10.739+0000] {data_processing.py:535} INFO - Setting up task dependencies for the DAG
[2025-05-02T13:41:10.745+0000] {logging_mixin.py:188} INFO - [2025-05-02T13:41:10.745+0000] {data_processing.py:540} INFO - Task dependencies set up successfully
[2025-05-02T13:41:10.751+0000] {processor.py:840} INFO - DAG(s) 'process_etl_bike_sharing_data' retrieved from /opt/airflow/dags/data_processing.py
[2025-05-02T13:41:10.777+0000] {logging_mixin.py:188} INFO - [2025-05-02T13:41:10.776+0000] {dag.py:3036} INFO - Sync 1 DAGs
[2025-05-02T13:41:10.813+0000] {logging_mixin.py:188} INFO - [2025-05-02T13:41:10.812+0000] {dag.py:3823} INFO - Setting next_dagrun for process_etl_bike_sharing_data to 2025-05-01 00:00:00+00:00, run_after=2025-05-02 00:00:00+00:00
[2025-05-02T13:41:10.850+0000] {processor.py:183} INFO - Processing /opt/airflow/dags/data_processing.py took 0.166 seconds
[2025-05-02T13:41:41.586+0000] {processor.py:161} INFO - Started process (PID=2595) to work on /opt/airflow/dags/data_processing.py
[2025-05-02T13:41:41.590+0000] {processor.py:830} INFO - Processing file /opt/airflow/dags/data_processing.py for tasks to queue
[2025-05-02T13:41:41.593+0000] {logging_mixin.py:188} INFO - [2025-05-02T13:41:41.592+0000] {dagbag.py:538} INFO - Filling up the DagBag from /opt/airflow/dags/data_processing.py
[2025-05-02T13:41:42.038+0000] {logging_mixin.py:188} INFO - [2025-05-02T13:41:42.037+0000] {data_processing.py:535} INFO - Setting up task dependencies for the DAG
[2025-05-02T13:41:42.044+0000] {logging_mixin.py:188} INFO - [2025-05-02T13:41:42.044+0000] {data_processing.py:540} INFO - Task dependencies set up successfully
[2025-05-02T13:41:42.048+0000] {processor.py:840} INFO - DAG(s) 'process_etl_bike_sharing_data' retrieved from /opt/airflow/dags/data_processing.py
[2025-05-02T13:41:42.214+0000] {logging_mixin.py:188} INFO - [2025-05-02T13:41:42.213+0000] {dag.py:3036} INFO - Sync 1 DAGs
[2025-05-02T13:41:42.246+0000] {logging_mixin.py:188} INFO - [2025-05-02T13:41:42.245+0000] {dag.py:3823} INFO - Setting next_dagrun for process_etl_bike_sharing_data to 2025-05-01 00:00:00+00:00, run_after=2025-05-02 00:00:00+00:00
[2025-05-02T13:41:42.281+0000] {processor.py:183} INFO - Processing /opt/airflow/dags/data_processing.py took 0.705 seconds
[2025-05-02T13:42:12.987+0000] {processor.py:161} INFO - Started process (PID=2610) to work on /opt/airflow/dags/data_processing.py
[2025-05-02T13:42:12.989+0000] {processor.py:830} INFO - Processing file /opt/airflow/dags/data_processing.py for tasks to queue
[2025-05-02T13:42:12.993+0000] {logging_mixin.py:188} INFO - [2025-05-02T13:42:12.991+0000] {dagbag.py:538} INFO - Filling up the DagBag from /opt/airflow/dags/data_processing.py
[2025-05-02T13:42:13.036+0000] {logging_mixin.py:188} INFO - [2025-05-02T13:42:13.035+0000] {data_processing.py:535} INFO - Setting up task dependencies for the DAG
[2025-05-02T13:42:13.040+0000] {logging_mixin.py:188} INFO - [2025-05-02T13:42:13.040+0000] {data_processing.py:540} INFO - Task dependencies set up successfully
[2025-05-02T13:42:13.045+0000] {processor.py:840} INFO - DAG(s) 'process_etl_bike_sharing_data' retrieved from /opt/airflow/dags/data_processing.py
[2025-05-02T13:42:13.096+0000] {logging_mixin.py:188} INFO - [2025-05-02T13:42:13.095+0000] {dag.py:3036} INFO - Sync 1 DAGs
[2025-05-02T13:42:13.128+0000] {logging_mixin.py:188} INFO - [2025-05-02T13:42:13.127+0000] {dag.py:3823} INFO - Setting next_dagrun for process_etl_bike_sharing_data to 2025-05-01 00:00:00+00:00, run_after=2025-05-02 00:00:00+00:00
[2025-05-02T13:42:13.150+0000] {processor.py:183} INFO - Processing /opt/airflow/dags/data_processing.py took 0.169 seconds
[2025-05-02T13:42:43.789+0000] {processor.py:161} INFO - Started process (PID=2648) to work on /opt/airflow/dags/data_processing.py
[2025-05-02T13:42:43.791+0000] {processor.py:830} INFO - Processing file /opt/airflow/dags/data_processing.py for tasks to queue
[2025-05-02T13:42:43.793+0000] {logging_mixin.py:188} INFO - [2025-05-02T13:42:43.793+0000] {dagbag.py:538} INFO - Filling up the DagBag from /opt/airflow/dags/data_processing.py
[2025-05-02T13:42:43.843+0000] {logging_mixin.py:188} INFO - [2025-05-02T13:42:43.843+0000] {data_processing.py:535} INFO - Setting up task dependencies for the DAG
[2025-05-02T13:42:43.853+0000] {logging_mixin.py:188} INFO - [2025-05-02T13:42:43.852+0000] {data_processing.py:540} INFO - Task dependencies set up successfully
[2025-05-02T13:42:43.857+0000] {processor.py:840} INFO - DAG(s) 'process_etl_bike_sharing_data' retrieved from /opt/airflow/dags/data_processing.py
[2025-05-02T13:42:43.880+0000] {logging_mixin.py:188} INFO - [2025-05-02T13:42:43.879+0000] {dag.py:3036} INFO - Sync 1 DAGs
[2025-05-02T13:42:43.911+0000] {logging_mixin.py:188} INFO - [2025-05-02T13:42:43.910+0000] {dag.py:3823} INFO - Setting next_dagrun for process_etl_bike_sharing_data to 2025-05-01 00:00:00+00:00, run_after=2025-05-02 00:00:00+00:00
[2025-05-02T13:42:43.957+0000] {processor.py:183} INFO - Processing /opt/airflow/dags/data_processing.py took 0.178 seconds
[2025-05-02T13:43:14.541+0000] {processor.py:161} INFO - Started process (PID=2663) to work on /opt/airflow/dags/data_processing.py
[2025-05-02T13:43:14.549+0000] {processor.py:830} INFO - Processing file /opt/airflow/dags/data_processing.py for tasks to queue
[2025-05-02T13:43:14.551+0000] {logging_mixin.py:188} INFO - [2025-05-02T13:43:14.551+0000] {dagbag.py:538} INFO - Filling up the DagBag from /opt/airflow/dags/data_processing.py
[2025-05-02T13:43:14.588+0000] {logging_mixin.py:188} INFO - [2025-05-02T13:43:14.587+0000] {data_processing.py:535} INFO - Setting up task dependencies for the DAG
[2025-05-02T13:43:14.597+0000] {logging_mixin.py:188} INFO - [2025-05-02T13:43:14.596+0000] {data_processing.py:540} INFO - Task dependencies set up successfully
[2025-05-02T13:43:14.602+0000] {processor.py:840} INFO - DAG(s) 'process_etl_bike_sharing_data' retrieved from /opt/airflow/dags/data_processing.py
[2025-05-02T13:43:14.748+0000] {logging_mixin.py:188} INFO - [2025-05-02T13:43:14.747+0000] {dag.py:3036} INFO - Sync 1 DAGs
[2025-05-02T13:43:14.777+0000] {logging_mixin.py:188} INFO - [2025-05-02T13:43:14.776+0000] {dag.py:3823} INFO - Setting next_dagrun for process_etl_bike_sharing_data to 2025-05-01 00:00:00+00:00, run_after=2025-05-02 00:00:00+00:00
[2025-05-02T13:43:14.813+0000] {processor.py:183} INFO - Processing /opt/airflow/dags/data_processing.py took 0.277 seconds
[2025-05-02T13:43:45.384+0000] {processor.py:161} INFO - Started process (PID=2701) to work on /opt/airflow/dags/data_processing.py
[2025-05-02T13:43:45.386+0000] {processor.py:830} INFO - Processing file /opt/airflow/dags/data_processing.py for tasks to queue
[2025-05-02T13:43:45.389+0000] {logging_mixin.py:188} INFO - [2025-05-02T13:43:45.388+0000] {dagbag.py:538} INFO - Filling up the DagBag from /opt/airflow/dags/data_processing.py
[2025-05-02T13:43:45.431+0000] {logging_mixin.py:188} INFO - [2025-05-02T13:43:45.431+0000] {data_processing.py:535} INFO - Setting up task dependencies for the DAG
[2025-05-02T13:43:45.437+0000] {logging_mixin.py:188} INFO - [2025-05-02T13:43:45.436+0000] {data_processing.py:540} INFO - Task dependencies set up successfully
[2025-05-02T13:43:45.444+0000] {processor.py:840} INFO - DAG(s) 'process_etl_bike_sharing_data' retrieved from /opt/airflow/dags/data_processing.py
[2025-05-02T13:43:45.492+0000] {logging_mixin.py:188} INFO - [2025-05-02T13:43:45.491+0000] {dag.py:3036} INFO - Sync 1 DAGs
[2025-05-02T13:43:45.524+0000] {logging_mixin.py:188} INFO - [2025-05-02T13:43:45.524+0000] {dag.py:3823} INFO - Setting next_dagrun for process_etl_bike_sharing_data to 2025-05-01 00:00:00+00:00, run_after=2025-05-02 00:00:00+00:00
[2025-05-02T13:43:45.559+0000] {processor.py:183} INFO - Processing /opt/airflow/dags/data_processing.py took 0.180 seconds
[2025-05-02T13:44:16.189+0000] {processor.py:161} INFO - Started process (PID=2716) to work on /opt/airflow/dags/data_processing.py
[2025-05-02T13:44:16.192+0000] {processor.py:830} INFO - Processing file /opt/airflow/dags/data_processing.py for tasks to queue
[2025-05-02T13:44:16.194+0000] {logging_mixin.py:188} INFO - [2025-05-02T13:44:16.194+0000] {dagbag.py:538} INFO - Filling up the DagBag from /opt/airflow/dags/data_processing.py
[2025-05-02T13:44:16.252+0000] {logging_mixin.py:188} INFO - [2025-05-02T13:44:16.251+0000] {data_processing.py:535} INFO - Setting up task dependencies for the DAG
[2025-05-02T13:44:16.261+0000] {logging_mixin.py:188} INFO - [2025-05-02T13:44:16.261+0000] {data_processing.py:540} INFO - Task dependencies set up successfully
[2025-05-02T13:44:16.265+0000] {processor.py:840} INFO - DAG(s) 'process_etl_bike_sharing_data' retrieved from /opt/airflow/dags/data_processing.py
[2025-05-02T13:44:16.292+0000] {logging_mixin.py:188} INFO - [2025-05-02T13:44:16.291+0000] {dag.py:3036} INFO - Sync 1 DAGs
[2025-05-02T13:44:16.334+0000] {logging_mixin.py:188} INFO - [2025-05-02T13:44:16.333+0000] {dag.py:3823} INFO - Setting next_dagrun for process_etl_bike_sharing_data to 2025-05-01 00:00:00+00:00, run_after=2025-05-02 00:00:00+00:00
[2025-05-02T13:44:16.366+0000] {processor.py:183} INFO - Processing /opt/airflow/dags/data_processing.py took 0.188 seconds
[2025-05-02T13:44:47.116+0000] {processor.py:161} INFO - Started process (PID=2754) to work on /opt/airflow/dags/data_processing.py
[2025-05-02T13:44:47.117+0000] {processor.py:830} INFO - Processing file /opt/airflow/dags/data_processing.py for tasks to queue
[2025-05-02T13:44:47.123+0000] {logging_mixin.py:188} INFO - [2025-05-02T13:44:47.122+0000] {dagbag.py:538} INFO - Filling up the DagBag from /opt/airflow/dags/data_processing.py
[2025-05-02T13:44:47.170+0000] {logging_mixin.py:188} INFO - [2025-05-02T13:44:47.169+0000] {data_processing.py:535} INFO - Setting up task dependencies for the DAG
[2025-05-02T13:44:47.176+0000] {logging_mixin.py:188} INFO - [2025-05-02T13:44:47.176+0000] {data_processing.py:540} INFO - Task dependencies set up successfully
[2025-05-02T13:44:47.181+0000] {processor.py:840} INFO - DAG(s) 'process_etl_bike_sharing_data' retrieved from /opt/airflow/dags/data_processing.py
[2025-05-02T13:44:47.342+0000] {logging_mixin.py:188} INFO - [2025-05-02T13:44:47.341+0000] {dag.py:3036} INFO - Sync 1 DAGs
[2025-05-02T13:44:47.388+0000] {logging_mixin.py:188} INFO - [2025-05-02T13:44:47.388+0000] {dag.py:3823} INFO - Setting next_dagrun for process_etl_bike_sharing_data to 2025-05-01 00:00:00+00:00, run_after=2025-05-02 00:00:00+00:00
[2025-05-02T13:44:47.416+0000] {processor.py:183} INFO - Processing /opt/airflow/dags/data_processing.py took 0.305 seconds
[2025-05-02T13:45:18.105+0000] {processor.py:161} INFO - Started process (PID=2769) to work on /opt/airflow/dags/data_processing.py
[2025-05-02T13:45:18.107+0000] {processor.py:830} INFO - Processing file /opt/airflow/dags/data_processing.py for tasks to queue
[2025-05-02T13:45:18.116+0000] {logging_mixin.py:188} INFO - [2025-05-02T13:45:18.113+0000] {dagbag.py:538} INFO - Filling up the DagBag from /opt/airflow/dags/data_processing.py
[2025-05-02T13:45:18.155+0000] {logging_mixin.py:188} INFO - [2025-05-02T13:45:18.155+0000] {data_processing.py:535} INFO - Setting up task dependencies for the DAG
[2025-05-02T13:45:18.161+0000] {logging_mixin.py:188} INFO - [2025-05-02T13:45:18.161+0000] {data_processing.py:540} INFO - Task dependencies set up successfully
[2025-05-02T13:45:18.168+0000] {processor.py:840} INFO - DAG(s) 'process_etl_bike_sharing_data' retrieved from /opt/airflow/dags/data_processing.py
[2025-05-02T13:45:18.203+0000] {logging_mixin.py:188} INFO - [2025-05-02T13:45:18.203+0000] {dag.py:3036} INFO - Sync 1 DAGs
[2025-05-02T13:45:18.228+0000] {logging_mixin.py:188} INFO - [2025-05-02T13:45:18.228+0000] {dag.py:3823} INFO - Setting next_dagrun for process_etl_bike_sharing_data to 2025-05-01 00:00:00+00:00, run_after=2025-05-02 00:00:00+00:00
[2025-05-02T13:45:18.274+0000] {processor.py:183} INFO - Processing /opt/airflow/dags/data_processing.py took 0.172 seconds
[2025-05-02T13:45:49.007+0000] {processor.py:161} INFO - Started process (PID=2807) to work on /opt/airflow/dags/data_processing.py
[2025-05-02T13:45:49.008+0000] {processor.py:830} INFO - Processing file /opt/airflow/dags/data_processing.py for tasks to queue
[2025-05-02T13:45:49.010+0000] {logging_mixin.py:188} INFO - [2025-05-02T13:45:49.010+0000] {dagbag.py:538} INFO - Filling up the DagBag from /opt/airflow/dags/data_processing.py
[2025-05-02T13:45:49.053+0000] {logging_mixin.py:188} INFO - [2025-05-02T13:45:49.053+0000] {data_processing.py:535} INFO - Setting up task dependencies for the DAG
[2025-05-02T13:45:49.060+0000] {logging_mixin.py:188} INFO - [2025-05-02T13:45:49.059+0000] {data_processing.py:540} INFO - Task dependencies set up successfully
[2025-05-02T13:45:49.067+0000] {processor.py:840} INFO - DAG(s) 'process_etl_bike_sharing_data' retrieved from /opt/airflow/dags/data_processing.py
[2025-05-02T13:45:49.090+0000] {logging_mixin.py:188} INFO - [2025-05-02T13:45:49.089+0000] {dag.py:3036} INFO - Sync 1 DAGs
[2025-05-02T13:45:49.128+0000] {logging_mixin.py:188} INFO - [2025-05-02T13:45:49.128+0000] {dag.py:3823} INFO - Setting next_dagrun for process_etl_bike_sharing_data to 2025-05-01 00:00:00+00:00, run_after=2025-05-02 00:00:00+00:00
[2025-05-02T13:45:49.161+0000] {processor.py:183} INFO - Processing /opt/airflow/dags/data_processing.py took 0.162 seconds
[2025-05-02T13:46:19.878+0000] {processor.py:161} INFO - Started process (PID=2822) to work on /opt/airflow/dags/data_processing.py
[2025-05-02T13:46:19.880+0000] {processor.py:830} INFO - Processing file /opt/airflow/dags/data_processing.py for tasks to queue
[2025-05-02T13:46:19.883+0000] {logging_mixin.py:188} INFO - [2025-05-02T13:46:19.882+0000] {dagbag.py:538} INFO - Filling up the DagBag from /opt/airflow/dags/data_processing.py
[2025-05-02T13:46:19.941+0000] {logging_mixin.py:188} INFO - [2025-05-02T13:46:19.941+0000] {data_processing.py:535} INFO - Setting up task dependencies for the DAG
[2025-05-02T13:46:19.948+0000] {logging_mixin.py:188} INFO - [2025-05-02T13:46:19.948+0000] {data_processing.py:540} INFO - Task dependencies set up successfully
[2025-05-02T13:46:19.953+0000] {processor.py:840} INFO - DAG(s) 'process_etl_bike_sharing_data' retrieved from /opt/airflow/dags/data_processing.py
[2025-05-02T13:46:20.169+0000] {logging_mixin.py:188} INFO - [2025-05-02T13:46:20.168+0000] {dag.py:3036} INFO - Sync 1 DAGs
[2025-05-02T13:46:20.193+0000] {logging_mixin.py:188} INFO - [2025-05-02T13:46:20.192+0000] {dag.py:3823} INFO - Setting next_dagrun for process_etl_bike_sharing_data to 2025-05-01 00:00:00+00:00, run_after=2025-05-02 00:00:00+00:00
[2025-05-02T13:46:20.226+0000] {processor.py:183} INFO - Processing /opt/airflow/dags/data_processing.py took 0.355 seconds
[2025-05-02T13:46:50.853+0000] {processor.py:161} INFO - Started process (PID=2860) to work on /opt/airflow/dags/data_processing.py
[2025-05-02T13:46:50.854+0000] {processor.py:830} INFO - Processing file /opt/airflow/dags/data_processing.py for tasks to queue
[2025-05-02T13:46:50.856+0000] {logging_mixin.py:188} INFO - [2025-05-02T13:46:50.855+0000] {dagbag.py:538} INFO - Filling up the DagBag from /opt/airflow/dags/data_processing.py
[2025-05-02T13:46:50.886+0000] {logging_mixin.py:188} INFO - [2025-05-02T13:46:50.885+0000] {data_processing.py:535} INFO - Setting up task dependencies for the DAG
[2025-05-02T13:46:50.890+0000] {logging_mixin.py:188} INFO - [2025-05-02T13:46:50.890+0000] {data_processing.py:540} INFO - Task dependencies set up successfully
[2025-05-02T13:46:50.896+0000] {processor.py:840} INFO - DAG(s) 'process_etl_bike_sharing_data' retrieved from /opt/airflow/dags/data_processing.py
[2025-05-02T13:46:50.931+0000] {logging_mixin.py:188} INFO - [2025-05-02T13:46:50.930+0000] {dag.py:3036} INFO - Sync 1 DAGs
[2025-05-02T13:46:50.955+0000] {logging_mixin.py:188} INFO - [2025-05-02T13:46:50.954+0000] {dag.py:3823} INFO - Setting next_dagrun for process_etl_bike_sharing_data to 2025-05-01 00:00:00+00:00, run_after=2025-05-02 00:00:00+00:00
[2025-05-02T13:46:50.977+0000] {processor.py:183} INFO - Processing /opt/airflow/dags/data_processing.py took 0.128 seconds
[2025-05-02T13:47:09.304+0000] {processor.py:161} INFO - Started process (PID=2875) to work on /opt/airflow/dags/data_processing.py
[2025-05-02T13:47:09.305+0000] {processor.py:830} INFO - Processing file /opt/airflow/dags/data_processing.py for tasks to queue
[2025-05-02T13:47:09.307+0000] {logging_mixin.py:188} INFO - [2025-05-02T13:47:09.306+0000] {dagbag.py:538} INFO - Filling up the DagBag from /opt/airflow/dags/data_processing.py
[2025-05-02T13:47:09.356+0000] {logging_mixin.py:188} INFO - [2025-05-02T13:47:09.353+0000] {data_processing.py:540} INFO - Setting up task dependencies for the DAG
[2025-05-02T13:47:09.360+0000] {logging_mixin.py:188} INFO - [2025-05-02T13:47:09.359+0000] {data_processing.py:545} INFO - Task dependencies set up successfully
[2025-05-02T13:47:09.363+0000] {processor.py:840} INFO - DAG(s) 'process_etl_bike_sharing_data' retrieved from /opt/airflow/dags/data_processing.py
[2025-05-02T13:47:09.387+0000] {logging_mixin.py:188} INFO - [2025-05-02T13:47:09.387+0000] {dag.py:3036} INFO - Sync 1 DAGs
[2025-05-02T13:47:09.408+0000] {logging_mixin.py:188} INFO - [2025-05-02T13:47:09.408+0000] {dag.py:3823} INFO - Setting next_dagrun for process_etl_bike_sharing_data to 2025-05-01 00:00:00+00:00, run_after=2025-05-02 00:00:00+00:00
[2025-05-02T13:47:09.440+0000] {processor.py:183} INFO - Processing /opt/airflow/dags/data_processing.py took 0.139 seconds
